Start testing: Nov 04 17:15 UTC
----------------------------------------------------------
1/4 Testing: CalculatorTest.AdditionWorks
1/4 Test: CalculatorTest.AdditionWorks
Command: "/workspaces/cpp-devcontainer/build/calculator_tests" "--gtest_filter=CalculatorTest.AdditionWorks" "--gtest_also_run_disabled_tests"
Directory: /workspaces/cpp-devcontainer/build
"CalculatorTest.AdditionWorks" start time: Nov 04 17:15 UTC
Output:
----------------------------------------------------------
Running main() from /workspaces/cpp-devcontainer/build/_deps/googletest-src/googletest/src/gtest_main.cc
Note: Google Test filter = CalculatorTest.AdditionWorks
[==========] Running 1 test from 1 test suite.
[----------] Global test environment set-up.
[----------] 1 test from CalculatorTest
[ RUN      ] CalculatorTest.AdditionWorks
[       OK ] CalculatorTest.AdditionWorks (0 ms)
[----------] 1 test from CalculatorTest (0 ms total)

[----------] Global test environment tear-down
[==========] 1 test from 1 test suite ran. (0 ms total)
[  PASSED  ] 1 test.
<end of output>
Test time =   0.00 sec
----------------------------------------------------------
Test Passed.
"CalculatorTest.AdditionWorks" end time: Nov 04 17:15 UTC
"CalculatorTest.AdditionWorks" time elapsed: 00:00:00
----------------------------------------------------------

2/4 Testing: CalculatorTest.SubtractionWorks
2/4 Test: CalculatorTest.SubtractionWorks
Command: "/workspaces/cpp-devcontainer/build/calculator_tests" "--gtest_filter=CalculatorTest.SubtractionWorks" "--gtest_also_run_disabled_tests"
Directory: /workspaces/cpp-devcontainer/build
"CalculatorTest.SubtractionWorks" start time: Nov 04 17:15 UTC
Output:
----------------------------------------------------------
Running main() from /workspaces/cpp-devcontainer/build/_deps/googletest-src/googletest/src/gtest_main.cc
Note: Google Test filter = CalculatorTest.SubtractionWorks
[==========] Running 1 test from 1 test suite.
[----------] Global test environment set-up.
[----------] 1 test from CalculatorTest
[ RUN      ] CalculatorTest.SubtractionWorks
[       OK ] CalculatorTest.SubtractionWorks (0 ms)
[----------] 1 test from CalculatorTest (0 ms total)

[----------] Global test environment tear-down
[==========] 1 test from 1 test suite ran. (0 ms total)
[  PASSED  ] 1 test.
<end of output>
Test time =   0.00 sec
----------------------------------------------------------
Test Passed.
"CalculatorTest.SubtractionWorks" end time: Nov 04 17:15 UTC
"CalculatorTest.SubtractionWorks" time elapsed: 00:00:00
----------------------------------------------------------

3/4 Testing: CalculatorTest.MultiplicationWorks
3/4 Test: CalculatorTest.MultiplicationWorks
Command: "/workspaces/cpp-devcontainer/build/calculator_tests" "--gtest_filter=CalculatorTest.MultiplicationWorks" "--gtest_also_run_disabled_tests"
Directory: /workspaces/cpp-devcontainer/build
"CalculatorTest.MultiplicationWorks" start time: Nov 04 17:15 UTC
Output:
----------------------------------------------------------
Running main() from /workspaces/cpp-devcontainer/build/_deps/googletest-src/googletest/src/gtest_main.cc
Note: Google Test filter = CalculatorTest.MultiplicationWorks
[==========] Running 1 test from 1 test suite.
[----------] Global test environment set-up.
[----------] 1 test from CalculatorTest
[ RUN      ] CalculatorTest.MultiplicationWorks
[       OK ] CalculatorTest.MultiplicationWorks (0 ms)
[----------] 1 test from CalculatorTest (0 ms total)

[----------] Global test environment tear-down
[==========] 1 test from 1 test suite ran. (0 ms total)
[  PASSED  ] 1 test.
<end of output>
Test time =   0.00 sec
----------------------------------------------------------
Test Passed.
"CalculatorTest.MultiplicationWorks" end time: Nov 04 17:15 UTC
"CalculatorTest.MultiplicationWorks" time elapsed: 00:00:00
----------------------------------------------------------

4/4 Testing: CalculatorTest.DivisionWorks
4/4 Test: CalculatorTest.DivisionWorks
Command: "/workspaces/cpp-devcontainer/build/calculator_tests" "--gtest_filter=CalculatorTest.DivisionWorks" "--gtest_also_run_disabled_tests"
Directory: /workspaces/cpp-devcontainer/build
"CalculatorTest.DivisionWorks" start time: Nov 04 17:15 UTC
Output:
----------------------------------------------------------
Running main() from /workspaces/cpp-devcontainer/build/_deps/googletest-src/googletest/src/gtest_main.cc
Note: Google Test filter = CalculatorTest.DivisionWorks
[==========] Running 1 test from 1 test suite.
[----------] Global test environment set-up.
[----------] 1 test from CalculatorTest
[ RUN      ] CalculatorTest.DivisionWorks
[       OK ] CalculatorTest.DivisionWorks (0 ms)
[----------] 1 test from CalculatorTest (0 ms total)

[----------] Global test environment tear-down
[==========] 1 test from 1 test suite ran. (0 ms total)
[  PASSED  ] 1 test.
<end of output>
Test time =   0.00 sec
----------------------------------------------------------
Test Passed.
"CalculatorTest.DivisionWorks" end time: Nov 04 17:15 UTC
"CalculatorTest.DivisionWorks" time elapsed: 00:00:00
----------------------------------------------------------

End testing: Nov 04 17:15 UTC
