Start testing: Nov 04 17:15 UTC
----------------------------------------------------------
4/4 Testing: CalculatorTest.DivisionWorks
4/4 Test: CalculatorTest.DivisionWorks
Command: "/workspaces/cpp-devcontainer/build/calculator_tests" "--gtest_filter=CalculatorTest.DivisionWorks" "--gtest_also_run_disabled_tests"
Directory: /workspaces/cpp-devcontainer/build
"CalculatorTest.DivisionWorks" start time: Nov 04 17:15 UTC
Output:
----------------------------------------------------------
Running main() from /workspaces/cpp-devcontainer/build/_deps/googletest-src/googletest/src/gtest_main.cc
Note: Google Test filter = CalculatorTest.DivisionWorks
[==========] Running 1 test from 1 test suite.
[----------] Global test environment set-up.
[----------] 1 test from CalculatorTest
[ RUN      ] CalculatorTest.DivisionWorks
[       OK ] CalculatorTest.DivisionWorks (0 ms)
[----------] 1 test from CalculatorTest (0 ms total)

[----------] Global test environment tear-down
[==========] 1 test from 1 test suite ran. (0 ms total)
[  PASSED  ] 1 test.
<end of output>
Test time =   0.00 sec
----------------------------------------------------------
Test Passed.
"CalculatorTest.DivisionWorks" end time: Nov 04 17:15 UTC
"CalculatorTest.DivisionWorks" time elapsed: 00:00:00
----------------------------------------------------------

End testing: Nov 04 17:15 UTC
