<?xml version="1.0" encoding="UTF-8"?>
<Site BuildName="(empty)"
	BuildStamp="20241104-1713-Experimental"
	Name="(empty)"
	Generator="ctest-3.22.2"
	CompilerName=""
	CompilerVersion=""
	OSName="Linux"
	Hostname="7b3812a3bf23"
	OSRelease="6.9.3-76060903-generic"
	OSVersion="#202405300957~1721174657~22.04~abb7c06 SMP PREEMPT_DYNAMIC Wed J"
	OSPlatform="x86_64"
	Is64Bits="1"
	VendorString="GenuineIntel"
	VendorID="Intel Corporation"
	FamilyID="6"
	ModelID="183"
	ProcessorCacheSize="30720"
	NumberOfLogicalCPU="24"
	NumberOfPhysicalCPU="16"
	TotalVirtualMemory="32767"
	TotalPhysicalMemory="31860"
	LogicalProcessorsPerPhysical="1"
	ProcessorClockFrequency="3110.99"
	>
	<Testing>
		<StartDateTime>Nov 04 17:15 UTC</StartDateTime>
		<StartTestTime>1730740509</StartTestTime>
		<TestList>
			<Test>./CalculatorTest.DivisionWorks</Test>
		</TestList>
		<Test Status="passed">
			<Name>CalculatorTest.DivisionWorks</Name>
			<Path>.</Path>
			<FullName>./CalculatorTest.DivisionWorks</FullName>
			<FullCommandLine>/workspaces/cpp-devcontainer/build/calculator_tests "--gtest_filter=CalculatorTest.DivisionWorks" "--gtest_also_run_disabled_tests"</FullCommandLine>
			<Results>
				<NamedMeasurement type="numeric/double" name="Execution Time">
					<Value>0.0019472</Value>
				</NamedMeasurement>
				<NamedMeasurement type="numeric/double" name="Processors">
					<Value>1</Value>
				</NamedMeasurement>
				<NamedMeasurement type="text/string" name="Completion Status">
					<Value>Completed</Value>
				</NamedMeasurement>
				<NamedMeasurement type="text/string" name="Command Line">
					<Value>/workspaces/cpp-devcontainer/build/calculator_tests "--gtest_filter=CalculatorTest.DivisionWorks" "--gtest_also_run_disabled_tests"</Value>
				</NamedMeasurement>
				<NamedMeasurement type="text/string" name="Environment">
					<Value>#CTEST_RESOURCE_GROUP_COUNT=</Value>
				</NamedMeasurement>
				<Measurement>
					<Value encoding="base64" compression="gzip">eJyNkEFrwzAMhe/+FTo2h8TrddDDWEcPg66kGzuEUFxHDWaOFWwl/fuLk1KawWjfSbI+5PeUd84ZV0OjjFskcPLUgDyT/wmt0hikbtu0wl6T44FAL4+dsZU8VNgGWRPVFhkDp8Hrm1aObawOcXGmtdgS4zNsRgQ+hwmcjGX0sIJXZXVnFZOP79na9CYYct/RhShWV5WQX9wugccN0e2lDp1hzESRXlXCxtJR2WmOrjeeXINuYJHTrv0D3+6cOxIF5F9bGFXecTtR8PF+h4TFEzQhedTChAMTK5uIx1IyKp9WdHbzG/53O/DKZfN/hjS7l/3+bR1zT2wmfgGULrjM====</Value>
				</Measurement>
			</Results>
		</Test>
		<EndDateTime>Nov 04 17:15 UTC</EndDateTime>
		<EndTestTime>1730740509</EndTestTime>
		<ElapsedMinutes>0</ElapsedMinutes>
	</Testing>
</Site>
